\BOOKMARK [1][-]{section.1}{Introduction}{}% 1
\BOOKMARK [2][-]{subsection.1.1}{Notation, conventions, assumptions, and citations}{section.1}% 2
\BOOKMARK [3][-]{subsubsection.1.1.1}{List of notation and assumptions}{subsection.1.1}% 3
\BOOKMARK [2][-]{subsection.1.2}{The main aims}{section.1}% 4
\BOOKMARK [2][-]{subsection.1.3}{An overview of the journey}{section.1}% 5
\BOOKMARK [2][-]{subsection.1.4}{Acknowledgements}{section.1}% 6
\BOOKMARK [2][-]{subsection.1.5}{Corrections}{section.1}% 7
\BOOKMARK [1][-]{section.2}{Weighted projective space}{}% 8
\BOOKMARK [2][-]{subsection.2.1}{Geometric construction of weighted projective space}{section.2}% 9
\BOOKMARK [2][-]{subsection.2.2}{Coordinate patches}{section.2}% 10
\BOOKMARK [1][-]{section.3}{Weighted projective varieties}{}% 11
\BOOKMARK [2][-]{subsection.3.1}{Weighted projective varieties}{section.3}% 12
\BOOKMARK [2][-]{subsection.3.2}{The weighted projective Nullstellensatz}{section.3}% 13
\BOOKMARK [2][-]{subsection.3.3}{Coordinate rings}{section.3}% 14
\BOOKMARK [1][-]{section.4}{An algebraic approach}{}% 15
\BOOKMARK [2][-]{subsection.4.1}{Explaining Proj with the Nullstellensatz}{section.4}% 16
\BOOKMARK [2][-]{subsection.4.2}{Morphisms between varieties}{section.4}% 17
\BOOKMARK [2][-]{subsection.4.3}{Truncation of graded rings}{section.4}% 18
\BOOKMARK [3][-]{subsubsection.4.3.1}{The first claim}{subsection.4.3}% 19
\BOOKMARK [3][-]{subsubsection.4.3.2}{Well-formed weighted projective spaces}{subsection.4.3}% 20
\BOOKMARK [3][-]{subsubsection.4.3.3}{Embedding P\(a0,...,an\) into PN}{subsection.4.3}% 21
\BOOKMARK [2][-]{subsection.4.4}{A worked example}{section.4}% 22
\BOOKMARK [1][-]{section.5}{Plane curves in weighted projective space}{}% 23
\BOOKMARK [2][-]{subsection.5.1}{Some facts about different notions of quotients}{section.5}% 24
\BOOKMARK [3][-]{subsubsection.5.1.1}{Topological quotients \(orbit spaces\)}{subsection.5.1}% 25
\BOOKMARK [3][-]{subsubsection.5.1.2}{Quotients of Riemann surfaces by group actions}{subsection.5.1}% 26
\BOOKMARK [3][-]{subsubsection.5.1.3}{Projective GIT quotients}{subsection.5.1}% 27
\BOOKMARK [2][-]{subsection.5.2}{Weighted projective plane curves as Riemann surfaces}{section.5}% 28
\BOOKMARK [3][-]{subsubsection.5.2.1}{What happens to the affine patches?}{subsection.5.2}% 29
\BOOKMARK [2][-]{subsection.5.3}{The degree-genus formula for weighted projective varieties}{section.5}% 30
\BOOKMARK [3][-]{subsubsection.5.3.1}{What does sufficiently general mean?}{subsection.5.3}% 31
\BOOKMARK [3][-]{subsubsection.5.3.2}{Riemann-Hurwitz and the usual degree-genus formula}{subsection.5.3}% 32
\BOOKMARK [1][-]{section.6}{The view from where we've ended up}{}% 33
\BOOKMARK [2][-]{subsection.6.1}{Elliptic curves and friends}{section.6}% 34
\BOOKMARK [2][-]{subsection.6.2}{Syzygies and some homological algebra}{section.6}% 35
